<?xml version="1.0" encoding="UTF-8"?>
<testsuite xmlns:xsi="http://www.w3.org/2001/XMLSchema-instance" xsi:noNamespaceSchemaLocation="https://maven.apache.org/surefire/maven-surefire-plugin/xsd/surefire-test-report-3.0.xsd" version="3.0" name="AirportTest" time="0.74" tests="5" errors="0" skipped="0" failures="0">
  <properties>
[...]
</properties>
  <testcase name="Airport_CheckSort_SortByMaxLoadCapacity" classname="AirportTest" time="0.007"/>
  <testcase name="Airport_GetBomberMilitaryPlanes" classname="AirportTest" time="0.0"/>
  <testcase name="Airport_GetExperimentalPlanes_NotContainsUnclassifiedLevel" classname="AirportTest" time="0.0"/>
  <testcase name="Airport_GetPassengerPlaneWithMaxCapacity" classname="AirportTest" time="0.0"/>
  <testcase name="Airport_GetTransportMilitaryPlanes" classname="AirportTest" time="0.003"/>
</testsuite>