<?xml version="1.0" encoding="UTF-8"?>
<testng-results ignored="0" total="5" passed="5" failed="0" skipped="0">
  <reporter-output>
  </reporter-output>
  <suite started-at="2023-11-14T09:42:44 MSK" name="Surefire suite" finished-at="2023-11-14T09:42:44 MSK" duration-ms="40">
    <groups>
    </groups>
    <test started-at="2023-11-14T09:42:44 MSK" name="Surefire test" finished-at="2023-11-14T09:42:44 MSK" duration-ms="40">
      <class name="AirportTest">
        <test-method signature="Airport_CheckSort_SortByMaxLoadCapacity()[pri:0, instance:AirportTest@1e4a7dd4]" started-at="2023-11-14T09:42:44 MSK" name="Airport_CheckSort_SortByMaxLoadCapacity" finished-at="2023-11-14T09:42:44 MSK" duration-ms="12" status="PASS">
          <reporter-output>
          </reporter-output>
        </test-method> <!-- Airport_CheckSort_SortByMaxLoadCapacity -->
        <test-method signature="Airport_GetBomberMilitaryPlanes()[pri:0, instance:AirportTest@1e4a7dd4]" started-at="2023-11-14T09:42:44 MSK" name="Airport_GetBomberMilitaryPlanes" finished-at="2023-11-14T09:42:44 MSK" duration-ms="0" status="PASS">
          <reporter-output>
          </reporter-output>
        </test-method> <!-- Airport_GetBomberMilitaryPlanes -->
        <test-method signature="Airport_GetExperimentalPlanes_NotContainsUnclassifiedLevel()[pri:0, instance:AirportTest@1e4a7dd4]" started-at="2023-11-14T09:42:44 MSK" name="Airport_GetExperimentalPlanes_NotContainsUnclassifiedLevel" finished-at="2023-11-14T09:42:44 MSK" duration-ms="0" status="PASS">
          <reporter-output>
          </reporter-output>
        </test-method> <!-- Airport_GetExperimentalPlanes_NotContainsUnclassifiedLevel -->
        <test-method signature="Airport_GetTransportMilitaryPlanes()[pri:0, instance:AirportTest@1e4a7dd4]" started-at="2023-11-14T09:42:44 MSK" name="Airport_GetTransportMilitaryPlanes" finished-at="2023-11-14T09:42:44 MSK" duration-ms="0" status="PASS">
          <reporter-output>
          </reporter-output>
        </test-method> <!-- Airport_GetTransportMilitaryPlanes -->
        <test-method signature="Airport_GetPassengerPlaneWithMaxCapacity()[pri:0, instance:AirportTest@1e4a7dd4]" started-at="2023-11-14T09:42:44 MSK" name="Airport_GetPassengerPlaneWithMaxCapacity" finished-at="2023-11-14T09:42:44 MSK" duration-ms="0" status="PASS">
          <reporter-output>
          </reporter-output>
        </test-method> <!-- Airport_GetPassengerPlaneWithMaxCapacity -->
      </class> <!-- AirportTest -->
    </test> <!-- Surefire test -->
  </suite> <!-- Surefire suite -->
</testng-results>
