<?xml version="1.0" encoding="UTF-8"?>
<!-- Generated by org.testng.reporters.JUnitXMLReporter -->
<testsuite ignored="0" hostname="HOME-PC" failures="0" tests="5" name="Surefire test" time="0.04" errors="0" timestamp="2023-11-14T09:42:44 MSK">
  <testcase classname="AirportTest" name="Airport_CheckSort_SortByMaxLoadCapacity" time="0.012"/>
  <testcase classname="AirportTest" name="Airport_GetBomberMilitaryPlanes" time="0.0"/>
  <testcase classname="AirportTest" name="Airport_GetExperimentalPlanes_NotContainsUnclassifiedLevel" time="0.0"/>
  <testcase classname="AirportTest" name="Airport_GetPassengerPlaneWithMaxCapacity" time="0.0"/>
  <testcase classname="AirportTest" name="Airport_GetTransportMilitaryPlanes" time="0.0"/>
</testsuite> <!-- Surefire test -->
